<?xml version="1.0" encoding="UTF-8"?>
<!-- Generated by org.testng.reporters.JUnitXMLReporter -->
<testsuite hostname="LAPTOP-E2M54NU4" ignored="1" name="Test" tests="4" failures="1" timestamp="2021-06-14T20:30:59 IST" time="54.574" errors="0">
  <testcase name="tc2" time="14.338" classname="org.sample.testNG"/>
  <testcase name="tc3" time="14.752" classname="org.sample.testNG">
    <skipped/>
  </testcase> <!-- tc3 -->
  <testcase name="tc3" time="13.812" classname="org.sample.testNG">
    <skipped/>
  </testcase> <!-- tc3 -->
  <testcase name="tc3" time="11.603" classname="org.sample.testNG">
    <failure type="java.lang.AssertionError" message="The following asserts failed:
	user password verification expected [109j5] but found [12345]">
      <![CDATA[java.lang.AssertionError: The following asserts failed:
user password verification expected [109j5] but found [12345]
at org.sample.testNG.tc3(testNG.java:64)
at java.util.ArrayList.forEach(Unknown Source)
... Removed 29 stack frames]]>
    </failure>
  </testcase> <!-- tc3 -->
  <testcase name="tc1" time="0.0" classname="org.sample.testNG">
    <ignored/>
  </testcase> <!-- tc1 -->
</testsuite> <!-- Test -->
